[23-Jan-2025 07:08:50 UTC] WordPress database error Table 'local.wp_actionscheduler_actions' doesn't exist for query SHOW COLUMNS FROM wp_actionscheduler_actions LIKE 'priority' made by require_once('wp-admin/admin.php'), require_once('wp-load.php'), require_once('wp-config.php'), require_once('wp-settings.php'), do_action('plugins_loaded'), WP_Hook->do_action, WP_Hook->apply_filters, ActionScheduler_Versions::initialize_latest_version, action_scheduler_initialize_3_dot_6_dot_3, ActionScheduler::init, do_action('action_scheduler_pre_init'), WP_Hook->do_action, WP_Hook->apply_filters, {closure}
[27-Jan-2025 14:32:09 UTC] Cron reschedule event error for hook: action_scheduler_run_queue, Error code: could_not_set, Error message: The cron event list could not be saved., Data: {"schedule":"every_minute","args":["WP Cron"],"interval":60}
[28-Jan-2025 03:58:06 UTC] PHP Fatal error:  Uncaught Error: Call to a member function get_gallery_image_ids() on bool in C:\Users\User\Local Sites\wp-test-site\app\public\wp-content\plugins\elementor\modules\ai\module.php:341
Stack trace:
#0 C:\Users\User\Local Sites\wp-test-site\app\public\wp-includes\class-wp-hook.php(324): Elementor\Modules\Ai\Module->get_product_images_ajax('')
#1 C:\Users\User\Local Sites\wp-test-site\app\public\wp-includes\class-wp-hook.php(348): WP_Hook->apply_filters('', Array)
#2 C:\Users\User\Local Sites\wp-test-site\app\public\wp-includes\plugin.php(517): WP_Hook->do_action(Array)
#3 C:\Users\User\Local Sites\wp-test-site\app\public\wp-admin\admin-ajax.php(192): do_action('wp_ajax_element...')
#4 {main}
  thrown in C:\Users\User\Local Sites\wp-test-site\app\public\wp-content\plugins\elementor\modules\ai\module.php on line 341
[29-Jan-2025 01:07:24 UTC] Cron reschedule event error for hook: action_scheduler_run_queue, Error code: could_not_set, Error message: The cron event list could not be saved., Data: {"schedule":"every_minute","args":["WP Cron"],"interval":60}
[29-Jan-2025 04:19:12 UTC] PHP Warning:  Undefined array key "data" in C:\Users\User\Local Sites\wp-test-site\app\public\wp-content\plugins\tiktok-for-business\Tiktokforbusiness.php on line 232
[29-Jan-2025 04:19:12 UTC] PHP Warning:  Trying to access array offset on value of type null in C:\Users\User\Local Sites\wp-test-site\app\public\wp-content\plugins\tiktok-for-business\Tiktokforbusiness.php on line 232
[29-Jan-2025 04:19:12 UTC] PHP Warning:  Undefined array key "data" in C:\Users\User\Local Sites\wp-test-site\app\public\wp-content\plugins\tiktok-for-business\Tiktokforbusiness.php on line 233
[29-Jan-2025 04:19:12 UTC] PHP Warning:  Trying to access array offset on value of type null in C:\Users\User\Local Sites\wp-test-site\app\public\wp-content\plugins\tiktok-for-business\Tiktokforbusiness.php on line 233
[29-Jan-2025 04:19:12 UTC] PHP Warning:  Undefined array key "data" in C:\Users\User\Local Sites\wp-test-site\app\public\wp-content\plugins\tiktok-for-business\Tiktokforbusiness.php on line 234
[29-Jan-2025 04:19:12 UTC] PHP Warning:  Trying to access array offset on value of type null in C:\Users\User\Local Sites\wp-test-site\app\public\wp-content\plugins\tiktok-for-business\Tiktokforbusiness.php on line 234
[29-Jan-2025 11:25:59 UTC] PHP Fatal error:  Uncaught Error: Cannot use object of type WP_Error as array in C:\Users\User\Local Sites\wp-test-site\app\public\wp-content\plugins\wdesignkit\includes\admin\class-api.php:606
Stack trace:
#0 C:\Users\User\Local Sites\wp-test-site\app\public\wp-content\plugins\wdesignkit\includes\admin\class-api.php(156): Wdkit_Api_Call->wdkit_get_user_info()
#1 C:\Users\User\Local Sites\wp-test-site\app\public\wp-includes\class-wp-hook.php(324): Wdkit_Api_Call->wdkit_api_call('')
#2 C:\Users\User\Local Sites\wp-test-site\app\public\wp-includes\class-wp-hook.php(348): WP_Hook->apply_filters('', Array)
#3 C:\Users\User\Local Sites\wp-test-site\app\public\wp-includes\plugin.php(517): WP_Hook->do_action(Array)
#4 C:\Users\User\Local Sites\wp-test-site\app\public\wp-admin\admin-ajax.php(192): do_action('wp_ajax_get_wde...')
#5 {main}
  thrown in C:\Users\User\Local Sites\wp-test-site\app\public\wp-content\plugins\wdesignkit\includes\admin\class-api.php on line 606
[29-Jan-2025 13:54:09 UTC] Cron reschedule event error for hook: action_scheduler_run_queue, Error code: could_not_set, Error message: The cron event list could not be saved., Data: {"schedule":"every_minute","args":["WP Cron"],"interval":60}
[29-Jan-2025 13:59:26 UTC] Cron reschedule event error for hook: action_scheduler_run_queue, Error code: could_not_set, Error message: The cron event list could not be saved., Data: {"schedule":"every_minute","args":["WP Cron"],"interval":60}
[29-Jan-2025 14:14:16 UTC] Cron reschedule event error for hook: action_scheduler_run_queue, Error code: could_not_set, Error message: The cron event list could not be saved., Data: {"schedule":"every_minute","args":["WP Cron"],"interval":60}
[29-Jan-2025 19:53:49 UTC] Cron reschedule event error for hook: action_scheduler_run_queue, Error code: could_not_set, Error message: The cron event list could not be saved., Data: {"schedule":"every_minute","args":["WP Cron"],"interval":60}
[30-Jan-2025 04:00:00 UTC] PHP Fatal error:  Uncaught ArgumentCountError: Too few arguments to function wp_send_json(), 0 passed in C:\Users\User\Local Sites\wp-test-site\app\public\wp-content\plugins\wdesignkit\includes\admin\class-api.php on line 213 and at least 1 expected in C:\Users\User\Local Sites\wp-test-site\app\public\wp-includes\functions.php:4513
Stack trace:
#0 C:\Users\User\Local Sites\wp-test-site\app\public\wp-content\plugins\wdesignkit\includes\admin\class-api.php(213): wp_send_json()
#1 C:\Users\User\Local Sites\wp-test-site\app\public\wp-includes\class-wp-hook.php(324): Wdkit_Api_Call->wdkit_api_call('')
#2 C:\Users\User\Local Sites\wp-test-site\app\public\wp-includes\class-wp-hook.php(348): WP_Hook->apply_filters('', Array)
#3 C:\Users\User\Local Sites\wp-test-site\app\public\wp-includes\plugin.php(517): WP_Hook->do_action(Array)
#4 C:\Users\User\Local Sites\wp-test-site\app\public\wp-admin\admin-ajax.php(192): do_action('wp_ajax_get_wde...')
#5 {main}
  thrown in C:\Users\User\Local Sites\wp-test-site\app\public\wp-includes\functions.php on line 4513
[30-Jan-2025 05:21:08 UTC] Cron reschedule event error for hook: action_scheduler_run_queue, Error code: could_not_set, Error message: The cron event list could not be saved., Data: {"schedule":"every_minute","args":["WP Cron"],"interval":60}
